 BELLHOP/BELLHOP3D

 BELLHOP- Munk profile, coherent                                                 
 frequency =   1500.     Hz

 Dummy parameter NMedia =            1

     C-linear approximation to SSP
     Attenuation units: dB/wavelength
     VACUUM

 Depth =    5000.00 m

 Sound speed profile:
   z (m)     alphaR (m/s)   betaR  rho (g/cm^3)  alphaI     betaI

      0.00      1548.52      0.00     1.00       0.0000    0.0000
    200.00      1530.29      0.00     1.00       0.0000    0.0000
    250.00      1526.69      0.00     1.00       0.0000    0.0000
    400.00      1517.78      0.00     1.00       0.0000    0.0000
    600.00      1509.49      0.00     1.00       0.0000    0.0000
    800.00      1504.30      0.00     1.00       0.0000    0.0000
   1000.00      1501.38      0.00     1.00       0.0000    0.0000
   1200.00      1500.14      0.00     1.00       0.0000    0.0000
   1400.00      1500.12      0.00     1.00       0.0000    0.0000
   1600.00      1501.02      0.00     1.00       0.0000    0.0000
   1800.00      1502.57      0.00     1.00       0.0000    0.0000
   2000.00      1504.62      0.00     1.00       0.0000    0.0000
   2200.00      1507.02      0.00     1.00       0.0000    0.0000
   2400.00      1509.69      0.00     1.00       0.0000    0.0000
   2600.00      1512.55      0.00     1.00       0.0000    0.0000
   2800.00      1515.56      0.00     1.00       0.0000    0.0000
   3000.00      1518.67      0.00     1.00       0.0000    0.0000
   3200.00      1521.85      0.00     1.00       0.0000    0.0000
   3400.00      1525.10      0.00     1.00       0.0000    0.0000
   3600.00      1528.38      0.00     1.00       0.0000    0.0000
   3800.00      1531.70      0.00     1.00       0.0000    0.0000
   4000.00      1535.04      0.00     1.00       0.0000    0.0000
   4200.00      1538.39      0.00     1.00       0.0000    0.0000
   4400.00      1541.76      0.00     1.00       0.0000    0.0000
   4600.00      1545.14      0.00     1.00       0.0000    0.0000
   4800.00      1548.52      0.00     1.00       0.0000    0.0000
   5000.00      1551.91      0.00     1.00       0.0000    0.0000

                                 ( RMS roughness =   0.00     )
     ACOUSTO-ELASTIC half-space
   5000.00      1600.00      0.00     1.80       0.8000    0.0000

 __________________________________________________________________________

 Number of Source   depths, Sz =            1
 Source   depths, Sz (m)
   200.000    


 __________________________________________________________________________

 Number of Receiver depths, Rz =            1
 Receiver depths, Rz (m)
   400.000    


 __________________________________________________________________________

 Number of Receiver ranges, Rr =            1
 Receiver ranges, Rr (km)
   120.000    


 Arrivals calculation, ASCII  file output
 Geometric hat beams in Cartesian coordinates
 Point source (cylindrical coordinates)
 Rectilinear receiver grid: Receivers at Rr( : ) x Rz( : )
 __________________________________________________________________________

 Number of beams in elevation   =         3000
 Beam take-off angles (degrees)
  -80.0000      -79.9466      -79.8933      -79.8399      -79.7866    
  -79.7332      -79.6799      -79.6265      -79.5732      -79.5198    
          ... 
   80.0000    

 __________________________________________________________________________


 Step length,       deltas =   0.000     m

 Maximum ray depth, Box%z  =   5500.     m
 Maximum ray range, Box%r  =   120.0    km
 No beam shift in effect


 Step length,       deltas =   500.0     m (automatically selected)

 ( Maximum # of arrivals =     20000000 )

Tracing beam       1    -80.00

 Geometric hat beams                     
 halfwidth  =    348.74799866548580     
 epsilonOpt =  (  0.0000000000000000     ,  573145094.69691491     )
 EpsMult    =    1.0000000000000000     

Tracing beam      61    -76.80
Tracing beam     121    -73.60
Tracing beam     181    -70.40
Tracing beam     241    -67.20
Tracing beam     301    -63.99
Tracing beam     361    -60.79
Tracing beam     421    -57.59
Tracing beam     481    -54.39
Tracing beam     541    -51.19
Tracing beam     601    -47.99
Tracing beam     661    -44.79
Tracing beam     721    -41.59
Tracing beam     781    -38.39
Tracing beam     841    -35.19
Tracing beam     901    -31.98
Tracing beam     961    -28.78
Tracing beam    1021    -25.58
Tracing beam    1081    -22.38
Tracing beam    1141    -19.18
Tracing beam    1201    -15.98
Tracing beam    1261    -12.78
Tracing beam    1321     -9.58
Tracing beam    1381     -6.38
Tracing beam    1441     -3.17
Tracing beam    1501      0.03
Tracing beam    1561      3.23
Tracing beam    1621      6.43
Tracing beam    1681      9.63
Tracing beam    1741     12.83
Tracing beam    1801     16.03
Tracing beam    1861     19.23
Tracing beam    1921     22.43
Tracing beam    1981     25.64
Tracing beam    2041     28.84
Tracing beam    2101     32.04
Tracing beam    2161     35.24
Tracing beam    2221     38.44
Tracing beam    2281     41.64
Tracing beam    2341     44.84
Tracing beam    2401     48.04
Tracing beam    2461     51.24
Tracing beam    2521     54.44
Tracing beam    2581     57.65
Tracing beam    2641     60.85
Tracing beam    2701     64.05
Tracing beam    2761     67.25
Tracing beam    2821     70.45
Tracing beam    2881     73.65
Tracing beam    2941     76.85

 CPU Time =       0.219    s
