 BELLHOP/BELLHOP3D

 BELLHOP- Munk profile                                                           
 frequency =   1500.     Hz

 Dummy parameter NMedia =            1

     PCHIP approximation to SSP
     Attenuation units: dB/mkHz
     VACUUM

 Depth =    5000.00 m

 Sound speed profile:
   z (m)     alphaR (m/s)   betaR  rho (g/cm^3)  alphaI     betaI

      0.00      1548.52      0.00     1.00       0.0000    0.0000
    200.00      1530.29      0.00     1.00       0.0000    0.0000
    250.00      1526.69      0.00     1.00       0.0000    0.0000
    400.00      1517.78      0.00     1.00       0.0000    0.0000
    600.00      1509.49      0.00     1.00       0.0000    0.0000
    800.00      1504.30      0.00     1.00       0.0000    0.0000
   1000.00      1501.38      0.00     1.00       0.0000    0.0000
   1200.00      1500.14      0.00     1.00       0.0000    0.0000
   1400.00      1500.12      0.00     1.00       0.0000    0.0000
   1600.00      1501.02      0.00     1.00       0.0000    0.0000
   1800.00      1502.57      0.00     1.00       0.0000    0.0000
   2000.00      1504.62      0.00     1.00       0.0000    0.0000
   2200.00      1507.02      0.00     1.00       0.0000    0.0000
   2400.00      1509.69      0.00     1.00       0.0000    0.0000
   2600.00      1512.55      0.00     1.00       0.0000    0.0000
   2800.00      1515.56      0.00     1.00       0.0000    0.0000
   3000.00      1518.67      0.00     1.00       0.0000    0.0000
   3200.00      1521.85      0.00     1.00       0.0000    0.0000
   3400.00      1525.10      0.00     1.00       0.0000    0.0000
   3600.00      1528.38      0.00     1.00       0.0000    0.0000
   3800.00      1531.70      0.00     1.00       0.0000    0.0000
   4000.00      1535.04      0.00     1.00       0.0000    0.0000
   4200.00      1538.39      0.00     1.00       0.0000    0.0000
   4400.00      1541.76      0.00     1.00       0.0000    0.0000
   4600.00      1545.14      0.00     1.00       0.0000    0.0000
   4800.00      1548.52      0.00     1.00       0.0000    0.0000
   5000.00      1551.91      0.00     1.00       0.0000    0.0000

                                 ( RMS roughness =   0.00     )
     ACOUSTO-ELASTIC half-space
   5000.00      1600.00      0.00     1.00       0.0000    0.0000

 __________________________________________________________________________

 Number of Source   depths, Sz =            1
 Source   depths, Sz (m)
   200.000    


 __________________________________________________________________________

 Number of Receiver depths, Rz =          100
 Receiver depths, Rz (m)
   0.00000       50.5051       101.010       151.515       202.020    
   252.525       303.030       353.535       404.040       454.545    
          ... 
   5000.00    


 __________________________________________________________________________

 Number of Receiver ranges, Rr =          500
 Receiver ranges, Rr (km)
   0.00000      0.460922      0.921844       1.38277       1.84369    
   2.30461       2.76553       3.22645       3.68737       4.14830    
          ... 
   230.000    


 Ray trace run
 Geometric hat beams in Cartesian coordinates
 Point source (cylindrical coordinates)
 Rectilinear receiver grid: Receivers at Rr( : ) x Rz( : )
 __________________________________________________________________________

 Number of beams in elevation   =           70
 Beam take-off angles (degrees)
  -25.0000      -24.3478      -23.6957      -23.0435      -22.3913    
  -21.7391      -21.0870      -20.4348      -19.7826      -19.1304    
          ... 
   20.0000    

 __________________________________________________________________________


 Step length,       deltas =   0.000     m

 Maximum ray depth, Box%z  =   5500.     m
 Maximum ray range, Box%r  =   230.0    km
 No beam shift in effect


 Step length,       deltas =   500.0     m (automatically selected)

Tracing beam       1    -25.00
Tracing beam       2    -24.35
Tracing beam       3    -23.70
Tracing beam       4    -23.04
Tracing beam       5    -22.39
Tracing beam       6    -21.74
Tracing beam       7    -21.09
Tracing beam       8    -20.43
Tracing beam       9    -19.78
Tracing beam      10    -19.13
Tracing beam      11    -18.48
Tracing beam      12    -17.83
Tracing beam      13    -17.17
Tracing beam      14    -16.52
Tracing beam      15    -15.87
Tracing beam      16    -15.22
Tracing beam      17    -14.57
Tracing beam      18    -13.91
Tracing beam      19    -13.26
Tracing beam      20    -12.61
Tracing beam      21    -11.96
Tracing beam      22    -11.30
Tracing beam      23    -10.65
Tracing beam      24    -10.00
Tracing beam      25     -9.35
Tracing beam      26     -8.70
Tracing beam      27     -8.04
Tracing beam      28     -7.39
Tracing beam      29     -6.74
Tracing beam      30     -6.09
Tracing beam      31     -5.43
Tracing beam      32     -4.78
Tracing beam      33     -4.13
Tracing beam      34     -3.48
Tracing beam      35     -2.83
Tracing beam      36     -2.17
Tracing beam      37     -1.52
Tracing beam      38     -0.87
Tracing beam      39     -0.22
Tracing beam      40      0.43
Tracing beam      41      1.09
Tracing beam      42      1.74
Tracing beam      43      2.39
Tracing beam      44      3.04
Tracing beam      45      3.70
Tracing beam      46      4.35
Tracing beam      47      5.00
Tracing beam      48      5.65
Tracing beam      49      6.30
Tracing beam      50      6.96
Tracing beam      51      7.61
Tracing beam      52      8.26
Tracing beam      53      8.91
Tracing beam      54      9.57
Tracing beam      55     10.22
Tracing beam      56     10.87
Tracing beam      57     11.52
Tracing beam      58     12.17
Tracing beam      59     12.83
Tracing beam      60     13.48
Tracing beam      61     14.13
Tracing beam      62     14.78
Tracing beam      63     15.43
Tracing beam      64     16.09
Tracing beam      65     16.74
Tracing beam      66     17.39
Tracing beam      67     18.04
Tracing beam      68     18.70
Tracing beam      69     19.35
Tracing beam      70     20.00

 CPU Time =       0.109    s
