 BELLHOP/BELLHOP3D

 BELLHOP- Munk profile, coherent                                                 
 frequency =   1500.     Hz

 Dummy parameter NMedia =            1

     C-linear approximation to SSP
     Attenuation units: dB/wavelength
     VACUUM

 Depth =    5000.00 m

 Sound speed profile:
   z (m)     alphaR (m/s)   betaR  rho (g/cm^3)  alphaI     betaI

      0.00      1548.52      0.00     1.00       0.0000    0.0000
    200.00      1530.29      0.00     1.00       0.0000    0.0000
    250.00      1526.69      0.00     1.00       0.0000    0.0000
    400.00      1517.78      0.00     1.00       0.0000    0.0000
    600.00      1509.49      0.00     1.00       0.0000    0.0000
    800.00      1504.30      0.00     1.00       0.0000    0.0000
   1000.00      1501.38      0.00     1.00       0.0000    0.0000
   1200.00      1500.14      0.00     1.00       0.0000    0.0000
   1400.00      1500.12      0.00     1.00       0.0000    0.0000
   1600.00      1501.02      0.00     1.00       0.0000    0.0000
   1800.00      1502.57      0.00     1.00       0.0000    0.0000
   2000.00      1504.62      0.00     1.00       0.0000    0.0000
   2200.00      1507.02      0.00     1.00       0.0000    0.0000
   2400.00      1509.69      0.00     1.00       0.0000    0.0000
   2600.00      1512.55      0.00     1.00       0.0000    0.0000
   2800.00      1515.56      0.00     1.00       0.0000    0.0000
   3000.00      1518.67      0.00     1.00       0.0000    0.0000
   3200.00      1521.85      0.00     1.00       0.0000    0.0000
   3400.00      1525.10      0.00     1.00       0.0000    0.0000
   3600.00      1528.38      0.00     1.00       0.0000    0.0000
   3800.00      1531.70      0.00     1.00       0.0000    0.0000
   4000.00      1535.04      0.00     1.00       0.0000    0.0000
   4200.00      1538.39      0.00     1.00       0.0000    0.0000
   4400.00      1541.76      0.00     1.00       0.0000    0.0000
   4600.00      1545.14      0.00     1.00       0.0000    0.0000
   4800.00      1548.52      0.00     1.00       0.0000    0.0000
   5000.00      1551.91      0.00     1.00       0.0000    0.0000

                                 ( RMS roughness =   0.00     )
     ACOUSTO-ELASTIC half-space
   5000.00      1600.00      0.00     1.80       0.8000    0.0000

 __________________________________________________________________________

 Number of Source   depths, Sz =            1
 Source   depths, Sz (m)
   200.000    


 __________________________________________________________________________

 Number of Receiver depths, Rz =            1
 Receiver depths, Rz (m)
   400.000    


 __________________________________________________________________________

 Number of Receiver ranges, Rr =            1
 Receiver ranges, Rr (km)
   84.9480    


 Arrivals calculation, ASCII  file output
 Geometric hat beams in Cartesian coordinates
 Point source (cylindrical coordinates)
 Rectilinear receiver grid: Receivers at Rr( : ) x Rz( : )
 __________________________________________________________________________

 Number of beams in elevation   =         1500
 Beam take-off angles (degrees)
  -80.0000      -79.8933      -79.7865      -79.6798      -79.5730    
  -79.4663      -79.3596      -79.2528      -79.1461      -79.0394    
          ... 
   80.0000    

 __________________________________________________________________________


 Step length,       deltas =   0.000     m

 Maximum ray depth, Box%z  =   5500.     m
 Maximum ray range, Box%r  =   101.0    km
 No beam shift in effect


 Step length,       deltas =   500.0     m (automatically selected)

 ( Maximum # of arrivals =     20000000 )

Tracing beam       1    -80.00

 Geometric hat beams                     
 halfwidth  =    174.31585528494941     
 epsilonOpt =  (  0.0000000000000000     ,  143190733.57108399     )
 EpsMult    =    1.0000000000000000     

Tracing beam      31    -76.80
Tracing beam      61    -73.60
Tracing beam      91    -70.39
Tracing beam     121    -67.19
Tracing beam     151    -63.99
Tracing beam     181    -60.79
Tracing beam     211    -57.59
Tracing beam     241    -54.38
Tracing beam     271    -51.18
Tracing beam     301    -47.98
Tracing beam     331    -44.78
Tracing beam     361    -41.57
Tracing beam     391    -38.37
Tracing beam     421    -35.17
Tracing beam     451    -31.97
Tracing beam     481    -28.77
Tracing beam     511    -25.56
Tracing beam     541    -22.36
Tracing beam     571    -19.16
Tracing beam     601    -15.96
Tracing beam     631    -12.76
Tracing beam     661     -9.55
Tracing beam     691     -6.35
Tracing beam     721     -3.15
Tracing beam     751      0.05
Tracing beam     781      3.26
Tracing beam     811      6.46
Tracing beam     841      9.66
Tracing beam     871     12.86
Tracing beam     901     16.06
Tracing beam     931     19.27
Tracing beam     961     22.47
Tracing beam     991     25.67
Tracing beam    1021     28.87
Tracing beam    1051     32.07
Tracing beam    1081     35.28
Tracing beam    1111     38.48
Tracing beam    1141     41.68
Tracing beam    1171     44.88
Tracing beam    1201     48.09
Tracing beam    1231     51.29
Tracing beam    1261     54.49
Tracing beam    1291     57.69
Tracing beam    1321     60.89
Tracing beam    1351     64.10
Tracing beam    1381     67.30
Tracing beam    1411     70.50
Tracing beam    1441     73.70
Tracing beam    1471     76.90

 CPU Time =       0.109    s
